<?xml version="1.0" encoding="UTF-8"?>
<testng-results ignored="0" total="1" passed="1" failed="0" skipped="0">
  <reporter-output>
  </reporter-output>
  <suite started-at="2023-11-27T21:24:41 IST" name="Default suite" finished-at="2023-11-27T21:25:37 IST" duration-ms="55912">
    <groups>
    </groups>
    <test started-at="2023-11-27T21:24:41 IST" name="Default test" finished-at="2023-11-27T21:25:37 IST" duration-ms="55912">
      <class name="Module1_Login_Test.TC1_SwagLabLogin_Test">
        <test-method is-config="true" signature="openBrowser()[pri:0, instance:Module1_Login_Test.TC1_SwagLabLogin_Test@17f9d882]" started-at="2023-11-27T21:24:41 IST" name="openBrowser" finished-at="2023-11-27T21:25:29 IST" duration-ms="47660" status="PASS">
          <reporter-output>
          </reporter-output>
        </test-method> <!-- openBrowser -->
        <test-method is-config="true" signature="loginToApp()[pri:0, instance:Module1_Login_Test.TC1_SwagLabLogin_Test@17f9d882]" started-at="2023-11-27T21:25:29 IST" name="loginToApp" finished-at="2023-11-27T21:25:32 IST" duration-ms="3478" status="PASS">
          <reporter-output>
          </reporter-output>
        </test-method> <!-- loginToApp -->
        <test-method signature="verifyTitle()[pri:0, instance:Module1_Login_Test.TC1_SwagLabLogin_Test@17f9d882]" started-at="2023-11-27T21:25:32 IST" name="verifyTitle" finished-at="2023-11-27T21:25:33 IST" duration-ms="968" status="PASS">
          <reporter-output>
          </reporter-output>
        </test-method> <!-- verifyTitle -->
        <test-method is-config="true" signature="logoutFromApp(org.testng.ITestResult)[pri:0, instance:Module1_Login_Test.TC1_SwagLabLogin_Test@17f9d882]" started-at="2023-11-27T21:25:33 IST" name="logoutFromApp" finished-at="2023-11-27T21:25:36 IST" duration-ms="2503" status="PASS">
          <params>
            <param index="0">
              <value>
                <![CDATA[[TestResult name=verifyTitle status=SUCCESS method=TC1_SwagLabLogin_Test.verifyTitle()[pri:0, instance:Module1_Login_Test.TC1_SwagLabLogin_Test@17f9d882] output={null}]]]>
              </value>
            </param>
          </params>
          <reporter-output>
          </reporter-output>
        </test-method> <!-- logoutFromApp -->
        <test-method is-config="true" signature="closeBrowser()[pri:0, instance:Module1_Login_Test.TC1_SwagLabLogin_Test@17f9d882]" started-at="2023-11-27T21:25:36 IST" name="closeBrowser" finished-at="2023-11-27T21:25:37 IST" duration-ms="1251" status="PASS">
          <reporter-output>
          </reporter-output>
        </test-method> <!-- closeBrowser -->
      </class> <!-- Module1_Login_Test.TC1_SwagLabLogin_Test -->
    </test> <!-- Default test -->
  </suite> <!-- Default suite -->
</testng-results>
